<?xml version="1.0" encoding="UTF-8"?>
<robot generator="Robot 7.4.1 (Python 3.12.5 on win32)" generated="2026-02-01T19:39:52.755383" rpa="false" schemaversion="5">
<suite id="s1" name="Q1" source="C:\Users\dbhar\Desktop\Wipro Training\Day 12\Lab\Q1\Q1.robot">
<test id="s1-t1" name="Log Scalar Variable" line="9">
<kw name="Log" owner="BuiltIn">
<msg time="2026-02-01T19:39:52.793965" level="INFO">Hello, Robot Framework!</msg>
<arg>${GREETING}</arg>
<doc>Logs the given message with the given level.</doc>
<status status="PASS" start="2026-02-01T19:39:52.788961" elapsed="0.005004"/>
</kw>
<kw name="Log To Console" owner="BuiltIn">
<arg>${GREETING}</arg>
<doc>Logs the given message to the console.</doc>
<status status="PASS" start="2026-02-01T19:39:52.794959" elapsed="0.000997"/>
</kw>
<status status="PASS" start="2026-02-01T19:39:52.788961" elapsed="0.006995"/>
</test>
<test id="s1-t2" name="Log List Variable" line="13">
<kw name="Log" owner="BuiltIn">
<msg time="2026-02-01T19:39:52.797956" level="INFO">List contains: ['Apple', 'Banana', 'Orange']</msg>
<arg>List contains: @{ITEMS}</arg>
<doc>Logs the given message with the given level.</doc>
<status status="PASS" start="2026-02-01T19:39:52.796957" elapsed="0.000999"/>
</kw>
<kw name="Log To Console" owner="BuiltIn">
<arg>First item is: ${ITEMS}[0]</arg>
<doc>Logs the given message to the console.</doc>
<status status="PASS" start="2026-02-01T19:39:52.797956" elapsed="0.000000"/>
</kw>
<status status="PASS" start="2026-02-01T19:39:52.796957" elapsed="0.000999"/>
</test>
<status status="PASS" start="2026-02-01T19:39:52.756687" elapsed="0.043272"/>
</suite>
<statistics>
<total>
<stat pass="2" fail="0" skip="0">All Tests</stat>
</total>
<tag>
</tag>
<suite>
<stat name="Q1" id="s1" pass="2" fail="0" skip="0">Q1</stat>
</suite>
</statistics>
<errors>
</errors>
</robot>
