<?xml version="1.0" encoding="UTF-8"?>
<robot generator="Robot 7.4.1 (Python 3.12.5 on win32)" generated="2026-02-01T19:42:05.074217" rpa="false" schemaversion="5">
<suite id="s1" name="Q2" source="C:\Users\dbhar\Desktop\Wipro Training\Day 12\Lab\Q2\Q2.robot">
<test id="s1-t1" name="Verify Environment Setup" line="5">
<kw name="Run Keyword And Ignore Error" owner="BuiltIn">
<kw name="Evaluate" owner="BuiltIn">
<arg>__import__('sys').version</arg>
<doc>Evaluates the given expression in Python and returns the result.</doc>
<status status="PASS" start="2026-02-01T19:42:05.117295" elapsed="0.000000"/>
</kw>
<msg time="2026-02-01T19:42:05.118297" level="INFO">${py_status} = PASS</msg>
<msg time="2026-02-01T19:42:05.118297" level="INFO">${py_version} = 3.12.5 (tags/v3.12.5:ff3bc82, Aug  6 2024, 20:45:27) [MSC v.1940 64 bit (AMD64)]</msg>
<var>${py_status}</var>
<var>${py_version}</var>
<arg>Evaluate</arg>
<arg>__import__('sys').version</arg>
<doc>Runs the given keyword with the given arguments and ignores possible error.</doc>
<status status="PASS" start="2026-02-01T19:42:05.117295" elapsed="0.001002"/>
</kw>
<kw name="Run Keyword If" owner="BuiltIn">
<arg>'${py_status}' == 'FAIL'</arg>
<arg>Fail</arg>
<arg>Python is not installed or not accessible</arg>
<doc>Runs the given keyword with the given arguments, if ``condition`` is true.</doc>
<status status="PASS" start="2026-02-01T19:42:05.118297" elapsed="0.000000"/>
</kw>
<kw name="Log" owner="BuiltIn">
<msg time="2026-02-01T19:42:05.119295" level="INFO">Python version: 3.12.5 (tags/v3.12.5:ff3bc82, Aug  6 2024, 20:45:27) [MSC v.1940 64 bit (AMD64)]</msg>
<arg>Python version: ${py_version}</arg>
<doc>Logs the given message with the given level.</doc>
<status status="PASS" start="2026-02-01T19:42:05.118297" elapsed="0.000998"/>
</kw>
<kw name="Log To Console" owner="BuiltIn">
<arg>Python version: ${py_version}</arg>
<doc>Logs the given message to the console.</doc>
<status status="PASS" start="2026-02-01T19:42:05.119295" elapsed="0.000000"/>
</kw>
<kw name="Run Keyword And Ignore Error" owner="BuiltIn">
<kw name="Evaluate" owner="BuiltIn">
<arg>__import__('robot').__version__</arg>
<doc>Evaluates the given expression in Python and returns the result.</doc>
<status status="PASS" start="2026-02-01T19:42:05.120305" elapsed="0.000000"/>
</kw>
<msg time="2026-02-01T19:42:05.120305" level="INFO">${rf_status} = PASS</msg>
<msg time="2026-02-01T19:42:05.120305" level="INFO">${rf_version} = 7.4.1</msg>
<var>${rf_status}</var>
<var>${rf_version}</var>
<arg>Evaluate</arg>
<arg>__import__('robot').__version__</arg>
<doc>Runs the given keyword with the given arguments and ignores possible error.</doc>
<status status="PASS" start="2026-02-01T19:42:05.119295" elapsed="0.001010"/>
</kw>
<kw name="Run Keyword If" owner="BuiltIn">
<arg>'${rf_status}' == 'FAIL'</arg>
<arg>Fail</arg>
<arg>Robot Framework is not installed</arg>
<doc>Runs the given keyword with the given arguments, if ``condition`` is true.</doc>
<status status="PASS" start="2026-02-01T19:42:05.121293" elapsed="0.000000"/>
</kw>
<kw name="Log" owner="BuiltIn">
<msg time="2026-02-01T19:42:05.121293" level="INFO">Robot Framework version: 7.4.1</msg>
<arg>Robot Framework version: ${rf_version}</arg>
<doc>Logs the given message with the given level.</doc>
<status status="PASS" start="2026-02-01T19:42:05.121293" elapsed="0.000000"/>
</kw>
<kw name="Log To Console" owner="BuiltIn">
<arg>Robot Framework version: ${rf_version}</arg>
<doc>Logs the given message to the console.</doc>
<status status="PASS" start="2026-02-01T19:42:05.122293" elapsed="0.000000"/>
</kw>
<kw name="Run Keyword And Ignore Error" owner="BuiltIn">
<kw name="Import Library" owner="BuiltIn">
<arg>SeleniumLibrary</arg>
<doc>Imports a library with the given name and optional arguments.</doc>
<status status="PASS" start="2026-02-01T19:42:05.122293" elapsed="0.202772"/>
</kw>
<msg time="2026-02-01T19:42:05.325065" level="INFO">${sel_status} = PASS</msg>
<msg time="2026-02-01T19:42:05.325065" level="INFO">${sel_msg} = None</msg>
<var>${sel_status}</var>
<var>${sel_msg}</var>
<arg>Import Library</arg>
<arg>SeleniumLibrary</arg>
<doc>Runs the given keyword with the given arguments and ignores possible error.</doc>
<status status="PASS" start="2026-02-01T19:42:05.122293" elapsed="0.202772"/>
</kw>
<kw name="Run Keyword If" owner="BuiltIn">
<arg>'${sel_status}' == 'FAIL'</arg>
<arg>Fail</arg>
<arg>SeleniumLibrary is missing. Install using: pip install robotframework-seleniumlibrary</arg>
<doc>Runs the given keyword with the given arguments, if ``condition`` is true.</doc>
<status status="PASS" start="2026-02-01T19:42:05.326065" elapsed="0.000000"/>
</kw>
<kw name="Log" owner="BuiltIn">
<msg time="2026-02-01T19:42:05.327062" level="INFO">SeleniumLibrary imported successfully</msg>
<arg>SeleniumLibrary imported successfully</arg>
<doc>Logs the given message with the given level.</doc>
<status status="PASS" start="2026-02-01T19:42:05.326065" elapsed="0.000997"/>
</kw>
<kw name="Log To Console" owner="BuiltIn">
<arg>SeleniumLibrary imported successfully</arg>
<doc>Logs the given message to the console.</doc>
<status status="PASS" start="2026-02-01T19:42:05.327062" elapsed="0.000000"/>
</kw>
<doc>Verifies Python, Robot Framework, and SeleniumLibrary with graceful failure</doc>
<status status="PASS" start="2026-02-01T19:42:05.116294" elapsed="0.210768"/>
</test>
<status status="PASS" start="2026-02-01T19:42:05.076223" elapsed="0.252116"/>
</suite>
<statistics>
<total>
<stat pass="1" fail="0" skip="0">All Tests</stat>
</total>
<tag>
</tag>
<suite>
<stat name="Q2" id="s1" pass="1" fail="0" skip="0">Q2</stat>
</suite>
</statistics>
<errors>
</errors>
</robot>
